2024-05-19 09:23:30,380 INFO o.a.j.u.JMeterUtils: Setting Locale to en_EN
2024-05-19 09:23:30,390 INFO o.a.j.JMeter: Loading user properties from: C:\prog\javaprod\jmeter\bin\user.properties
2024-05-19 09:23:30,390 INFO o.a.j.JMeter: Loading system properties from: C:\prog\javaprod\jmeter\bin\system.properties
2024-05-19 09:23:30,395 INFO o.a.j.JMeter: Copyright (c) 1998-2024 The Apache Software Foundation
2024-05-19 09:23:30,396 INFO o.a.j.JMeter: Version 5.6.3
2024-05-19 09:23:30,396 INFO o.a.j.JMeter: java.version=1.8.0_401
2024-05-19 09:23:30,396 INFO o.a.j.JMeter: java.vm.name=Java HotSpot(TM) 64-Bit Server VM
2024-05-19 09:23:30,396 INFO o.a.j.JMeter: os.name=Windows 10
2024-05-19 09:23:30,396 INFO o.a.j.JMeter: os.arch=amd64
2024-05-19 09:23:30,396 INFO o.a.j.JMeter: os.version=10.0
2024-05-19 09:23:30,396 INFO o.a.j.JMeter: file.encoding=Cp1251
2024-05-19 09:23:30,396 INFO o.a.j.JMeter: java.awt.headless=true
2024-05-19 09:23:30,396 INFO o.a.j.JMeter: Max memory     =1073741824
2024-05-19 09:23:30,396 INFO o.a.j.JMeter: Available Processors =16
2024-05-19 09:23:30,400 INFO o.a.j.JMeter: Default Locale=English (EN)
2024-05-19 09:23:30,400 INFO o.a.j.JMeter: JMeter  Locale=English (EN)
2024-05-19 09:23:30,400 INFO o.a.j.JMeter: JMeterHome=C:\prog\javaprod\jmeter
2024-05-19 09:23:30,400 INFO o.a.j.JMeter: user.dir  =C:\prog\javaprod\hackathon_aboba\backend_aboba\jmeter
2024-05-19 09:23:30,401 INFO o.a.j.JMeter: PWD       =C:\prog\javaprod\hackathon_aboba\backend_aboba\jmeter
2024-05-19 09:23:34,932 INFO o.a.j.JMeter: IP: 192.168.56.1 Name: DESKTOP-7GADALU FullName: DESKTOP-7GADALU
2024-05-19 09:23:34,949 INFO o.a.j.s.FileServer: Default base='C:\prog\javaprod\hackathon_aboba\backend_aboba\jmeter'
2024-05-19 09:23:34,951 INFO o.a.j.s.FileServer: Set new base='C:\prog\javaprod\hackathon_aboba\backend_aboba\jmeter'
2024-05-19 09:23:35,062 INFO o.a.j.s.SaveService: Testplan (JMX) version: 2.2. Testlog (JTL) version: 2.2
2024-05-19 09:23:35,088 INFO o.a.j.s.SaveService: Using SaveService properties file encoding UTF-8
2024-05-19 09:23:35,092 INFO o.a.j.s.SaveService: Using SaveService properties version 5.0
2024-05-19 09:23:35,098 INFO o.a.j.s.SaveService: Loading file: TestPlan.jmx
2024-05-19 09:23:35,151 INFO o.a.j.p.h.s.HTTPSamplerBase: Parser for text/html is org.apache.jmeter.protocol.http.parser.LagartoBasedHtmlParser
2024-05-19 09:23:35,151 INFO o.a.j.p.h.s.HTTPSamplerBase: Parser for application/xhtml+xml is org.apache.jmeter.protocol.http.parser.LagartoBasedHtmlParser
2024-05-19 09:23:35,151 INFO o.a.j.p.h.s.HTTPSamplerBase: Parser for application/xml is org.apache.jmeter.protocol.http.parser.LagartoBasedHtmlParser
2024-05-19 09:23:35,151 INFO o.a.j.p.h.s.HTTPSamplerBase: Parser for text/xml is org.apache.jmeter.protocol.http.parser.LagartoBasedHtmlParser
2024-05-19 09:23:35,151 INFO o.a.j.p.h.s.HTTPSamplerBase: Parser for text/vnd.wap.wml is org.apache.jmeter.protocol.http.parser.RegexpHTMLParser
2024-05-19 09:23:35,151 INFO o.a.j.p.h.s.HTTPSamplerBase: Parser for text/css is org.apache.jmeter.protocol.http.parser.CssParser
2024-05-19 09:23:35,357 INFO o.a.j.p.h.c.CookieManager: Settings: Delete null: true Check: true Allow variable: true Save: false Prefix: COOKIE_
2024-05-19 09:23:35,403 INFO o.a.j.JMeter: Creating summariser <summary>
2024-05-19 09:23:35,419 INFO o.a.j.e.StandardJMeterEngine: Running the test!
2024-05-19 09:23:35,419 INFO o.a.j.s.SampleEvent: List of sample_variables: []
2024-05-19 09:23:35,419 INFO o.a.j.s.SampleEvent: List of sample_variables: []
2024-05-19 09:23:35,424 INFO o.a.j.e.u.CompoundVariable: Note: Function class names must contain the string: '.functions.'
2024-05-19 09:23:35,424 INFO o.a.j.e.u.CompoundVariable: Note: Function class names must not contain the string: '.gui.'
2024-05-19 09:23:35,701 INFO o.a.j.JMeter: Running test (1716099815701)
2024-05-19 09:23:35,750 INFO o.a.j.e.StandardJMeterEngine: Starting ThreadGroup: 1 : Thread Group
2024-05-19 09:23:35,750 INFO o.a.j.e.StandardJMeterEngine: Starting 1 threads for group Thread Group.
2024-05-19 09:23:35,750 INFO o.a.j.e.StandardJMeterEngine: Thread will continue on error
2024-05-19 09:23:35,750 INFO o.a.j.t.ThreadGroup: Starting thread group... number=1 threads=1 ramp-up=20 delayedStart=false
2024-05-19 09:23:35,754 INFO o.a.j.t.ThreadGroup: Started thread group number 1
2024-05-19 09:23:35,754 INFO o.a.j.e.StandardJMeterEngine: Starting ThreadGroup: 2 : Thread Group 2
2024-05-19 09:23:35,754 INFO o.a.j.e.StandardJMeterEngine: Starting 5 threads for group Thread Group 2.
2024-05-19 09:23:35,754 INFO o.a.j.e.StandardJMeterEngine: Thread will continue on error
2024-05-19 09:23:35,754 INFO o.a.j.t.ThreadGroup: Starting thread group... number=2 threads=5 ramp-up=30 delayedStart=false
2024-05-19 09:23:35,758 INFO o.a.j.t.JMeterThread: Thread started: Thread Group 2 2-1
2024-05-19 09:23:35,758 INFO o.a.j.t.JMeterThread: Thread started: Thread Group 1-1
2024-05-19 09:23:35,759 INFO o.a.j.t.ThreadGroup: Started thread group number 2
2024-05-19 09:23:35,759 INFO o.a.j.e.StandardJMeterEngine: Starting ThreadGroup: 3 : Thread Group 3
2024-05-19 09:23:35,759 INFO o.a.j.e.StandardJMeterEngine: Starting 10 threads for group Thread Group 3.
2024-05-19 09:23:35,759 INFO o.a.j.e.StandardJMeterEngine: Thread will continue on error
2024-05-19 09:23:35,759 INFO o.a.j.t.ThreadGroup: Starting thread group... number=3 threads=10 ramp-up=10 delayedStart=false
2024-05-19 09:23:35,759 INFO o.a.j.t.JMeterThread: Thread started: Thread Group 3 3-1
2024-05-19 09:23:35,763 INFO o.a.j.t.ThreadGroup: Started thread group number 3
2024-05-19 09:23:35,763 INFO o.a.j.e.StandardJMeterEngine: All thread groups have been started
2024-05-19 09:23:35,774 INFO o.a.j.p.h.s.HTTPHCAbstractImpl: Local host = DESKTOP-7GADALU
2024-05-19 09:23:35,779 INFO o.a.j.p.h.s.HTTPHC4Impl: HTTP request retry count = 0
2024-05-19 09:23:35,781 INFO o.a.j.s.SampleResult: Note: Sample TimeStamps are START times
2024-05-19 09:23:35,781 INFO o.a.j.s.SampleResult: sampleresult.default.encoding is set to UTF-8
2024-05-19 09:23:35,781 INFO o.a.j.s.SampleResult: sampleresult.useNanoTime=true
2024-05-19 09:23:35,781 INFO o.a.j.s.SampleResult: sampleresult.nanoThreadSleep=5000
2024-05-19 09:23:35,872 INFO o.a.j.r.Summariser: summary +      1 in 00:00:00 =    5.9/s Avg:    38 Min:    38 Max:    38 Err:     0 (0.00%) Active: 3 Started: 3 Finished: 0
2024-05-19 09:23:35,912 INFO o.a.j.t.JMeterThread: Thread is done: Thread Group 1-1
2024-05-19 09:23:35,912 INFO o.a.j.t.JMeterThread: Thread finished: Thread Group 1-1
2024-05-19 09:23:36,006 INFO o.a.j.t.JMeterThread: Thread is done: Thread Group 3 3-1
2024-05-19 09:23:36,006 INFO o.a.j.t.JMeterThread: Thread finished: Thread Group 3 3-1
2024-05-19 09:23:36,057 INFO o.a.j.t.JMeterThread: Thread is done: Thread Group 2 2-1
2024-05-19 09:23:36,057 INFO o.a.j.t.JMeterThread: Thread finished: Thread Group 2 2-1
2024-05-19 09:23:36,763 INFO o.a.j.t.JMeterThread: Thread started: Thread Group 3 3-2
2024-05-19 09:23:36,892 INFO o.a.j.t.JMeterThread: Thread is done: Thread Group 3 3-2
2024-05-19 09:23:36,892 INFO o.a.j.t.JMeterThread: Thread finished: Thread Group 3 3-2
2024-05-19 09:23:37,760 INFO o.a.j.t.JMeterThread: Thread started: Thread Group 3 3-3
2024-05-19 09:23:37,875 INFO o.a.j.t.JMeterThread: Thread is done: Thread Group 3 3-3
2024-05-19 09:23:37,875 INFO o.a.j.t.JMeterThread: Thread finished: Thread Group 3 3-3
2024-05-19 09:23:38,761 INFO o.a.j.t.JMeterThread: Thread started: Thread Group 3 3-4
2024-05-19 09:23:38,878 INFO o.a.j.t.JMeterThread: Thread is done: Thread Group 3 3-4
2024-05-19 09:23:38,878 INFO o.a.j.t.JMeterThread: Thread finished: Thread Group 3 3-4
2024-05-19 09:23:39,760 INFO o.a.j.t.JMeterThread: Thread started: Thread Group 3 3-5
2024-05-19 09:23:39,900 INFO o.a.j.t.JMeterThread: Thread is done: Thread Group 3 3-5
2024-05-19 09:23:39,900 INFO o.a.j.t.JMeterThread: Thread finished: Thread Group 3 3-5
2024-05-19 09:23:40,759 INFO o.a.j.t.JMeterThread: Thread started: Thread Group 3 3-6
2024-05-19 09:23:40,870 INFO o.a.j.t.JMeterThread: Thread is done: Thread Group 3 3-6
2024-05-19 09:23:40,870 INFO o.a.j.t.JMeterThread: Thread finished: Thread Group 3 3-6
2024-05-19 09:23:41,758 INFO o.a.j.t.JMeterThread: Thread started: Thread Group 2 2-2
2024-05-19 09:23:41,760 INFO o.a.j.t.JMeterThread: Thread started: Thread Group 3 3-7
2024-05-19 09:23:41,859 INFO o.a.j.t.JMeterThread: Thread is done: Thread Group 3 3-7
2024-05-19 09:23:41,859 INFO o.a.j.t.JMeterThread: Thread finished: Thread Group 3 3-7
2024-05-19 09:23:41,906 INFO o.a.j.t.JMeterThread: Thread is done: Thread Group 2 2-2
2024-05-19 09:23:41,906 INFO o.a.j.t.JMeterThread: Thread finished: Thread Group 2 2-2
2024-05-19 09:23:42,761 INFO o.a.j.t.JMeterThread: Thread started: Thread Group 3 3-8
2024-05-19 09:23:42,911 INFO o.a.j.t.JMeterThread: Thread is done: Thread Group 3 3-8
2024-05-19 09:23:42,911 INFO o.a.j.t.JMeterThread: Thread finished: Thread Group 3 3-8
2024-05-19 09:23:43,760 INFO o.a.j.t.JMeterThread: Thread started: Thread Group 3 3-9
2024-05-19 09:23:43,857 INFO o.a.j.t.JMeterThread: Thread is done: Thread Group 3 3-9
2024-05-19 09:23:43,857 INFO o.a.j.t.JMeterThread: Thread finished: Thread Group 3 3-9
2024-05-19 09:23:44,760 INFO o.a.j.t.JMeterThread: Thread started: Thread Group 3 3-10
2024-05-19 09:23:44,878 INFO o.a.j.t.JMeterThread: Thread is done: Thread Group 3 3-10
2024-05-19 09:23:44,878 INFO o.a.j.t.JMeterThread: Thread finished: Thread Group 3 3-10
2024-05-19 09:23:47,758 INFO o.a.j.t.JMeterThread: Thread started: Thread Group 2 2-3
2024-05-19 09:23:47,910 INFO o.a.j.t.JMeterThread: Thread is done: Thread Group 2 2-3
2024-05-19 09:23:47,910 INFO o.a.j.t.JMeterThread: Thread finished: Thread Group 2 2-3
2024-05-19 09:23:53,757 INFO o.a.j.t.JMeterThread: Thread started: Thread Group 2 2-4
2024-05-19 09:23:53,930 INFO o.a.j.t.JMeterThread: Thread is done: Thread Group 2 2-4
2024-05-19 09:23:53,930 INFO o.a.j.t.JMeterThread: Thread finished: Thread Group 2 2-4
2024-05-19 09:23:59,756 INFO o.a.j.t.JMeterThread: Thread started: Thread Group 2 2-5
2024-05-19 09:23:59,945 INFO o.a.j.t.JMeterThread: Thread is done: Thread Group 2 2-5
2024-05-19 09:23:59,945 INFO o.a.j.t.JMeterThread: Thread finished: Thread Group 2 2-5
2024-05-19 09:23:59,945 INFO o.a.j.e.StandardJMeterEngine: Notifying test listeners of end of test
2024-05-19 09:23:59,947 INFO o.a.j.r.Summariser: summary +    164 in 00:00:24 =    6.8/s Avg:    12 Min:     1 Max:    59 Err:     4 (2.44%) Active: 0 Started: 16 Finished: 16
2024-05-19 09:23:59,950 INFO o.a.j.r.Summariser: summary =    165 in 00:00:24 =    6.8/s Avg:    12 Min:     1 Max:    59 Err:     4 (2.42%)
